<?xml version="1.0" encoding="UTF-8"?>
<!-- Generated by org.testng.reporters.JUnitXMLReporter -->
<testsuite ignored="0" hostname="LAPTOP-V1AUDLO5" failures="0" tests="5" name="Default test" time="13.162" errors="0" timestamp="2022-10-29T19:19:28 IST">
  <testcase classname="Test_Scenario.UniCreds_Contact_Test" name="Email" time="0.312"/>
  <testcase classname="Test_Scenario.UniCreds_Contact_Test" name="Message" time="0.251"/>
  <testcase classname="Test_Scenario.UniCreds_Contact_Test" name="Name" time="0.198"/>
  <testcase classname="Test_Scenario.UniCreds_Contact_Test" name="Phone" time="0.145"/>
  <testcase classname="Test_Scenario.UniCreds_Contact_Test" name="Submit" time="0.306"/>
</testsuite> <!-- Default test -->
